[2020-10-27 22:52:02,560][MainThread:21484][task_id:django.utils.autoreload][autoreload.py:613][INFO][Watching for file changes with StatReloader]
[2020-10-27 22:52:18,302][Thread-1:6572][task_id:django.server][basehttp.py:157][INFO]["GET /recommendation/ HTTP/1.1" 200 1310]
[2020-10-27 22:52:26,187][Thread-1:6572][task_id:django][views.py:34][INFO][-------------------------]
[2020-10-27 22:52:26,187][Thread-1:6572][task_id:django][views.py:35][ERROR][1]
[2020-10-27 22:52:26,187][Thread-1:6572][task_id:django][views.py:36][WARNING][warn]
[2020-10-27 22:52:26,188][Thread-1:6572][task_id:django.server][basehttp.py:157][INFO]["GET /detail/popular_major/1 HTTP/1.1" 200 824]
[2020-10-27 22:58:36,150][MainThread:15772][task_id:django.utils.autoreload][autoreload.py:613][INFO][Watching for file changes with StatReloader]
[2020-10-27 22:58:41,330][Thread-1:18508][task_id:django.server][basehttp.py:157][INFO]["GET /detail/popular_major/1 HTTP/1.1" 200 824]
[2020-10-27 22:59:03,200][MainThread:15772][task_id:django.utils.autoreload][autoreload.py:236][INFO][D:\Projects\Collegiate_Explorer_APP\collegiate-explorer-admin\cc_admin\apps\detail\views.py changed, reloading.]
[2020-10-27 22:59:04,015][MainThread:6832][task_id:django.utils.autoreload][autoreload.py:613][INFO][Watching for file changes with StatReloader]
[2020-10-27 22:59:08,865][Thread-1:20552][task_id:django.server][basehttp.py:157][INFO]["GET /recommendation/ HTTP/1.1" 200 1310]
[2020-10-27 22:59:11,598][Thread-1:20552][task_id:django][views.py:35][INFO][get a param id -> 1]
[2020-10-27 22:59:11,599][Thread-1:20552][task_id:django.server][basehttp.py:157][INFO]["GET /detail/popular_major/1 HTTP/1.1" 200 824]
[2020-10-27 23:00:24,615][MainThread:6832][task_id:django.utils.autoreload][autoreload.py:236][INFO][D:\Projects\Collegiate_Explorer_APP\collegiate-explorer-admin\cc_admin\cc_admin\settings.py changed, reloading.]
[2020-10-27 23:00:25,450][MainThread:11412][task_id:django.utils.autoreload][autoreload.py:613][INFO][Watching for file changes with StatReloader]
[2020-10-27 23:00:30,241][Thread-1:9764][task_id:django][views.py:35][INFO][get a param id -> 1]
[2020-10-27 23:00:30,244][Thread-1:9764][task_id:django.server][basehttp.py:157][INFO]["GET /detail/popular_major/1 HTTP/1.1" 200 824]
[2020-10-27 23:00:59,109][MainThread:11412][task_id:django.utils.autoreload][autoreload.py:236][INFO][D:\Projects\Collegiate_Explorer_APP\collegiate-explorer-admin\cc_admin\cc_admin\settings.py changed, reloading.]
[2020-10-27 23:00:59,980][MainThread:9744][task_id:django.utils.autoreload][autoreload.py:613][INFO][Watching for file changes with StatReloader]
[2020-10-27 23:01:04,276][Thread-1:14952][task_id:django][views.py:35][INFO][get a param id -> 1]
[2020-10-27 23:01:04,278][Thread-1:14952][task_id:django.server][basehttp.py:157][INFO]["GET /detail/popular_major/1 HTTP/1.1" 200 824]
[2020-10-27 23:01:48,217][MainThread:9744][task_id:django.utils.autoreload][autoreload.py:236][INFO][D:\Projects\Collegiate_Explorer_APP\collegiate-explorer-admin\cc_admin\apps\detail\views.py changed, reloading.]
[2020-10-27 23:01:49,097][MainThread:17672][task_id:django.utils.autoreload][autoreload.py:613][INFO][Watching for file changes with StatReloader]
[2020-10-27 23:02:19,327][Thread-1:18448][task_id:django.server][basehttp.py:157][INFO]["GET /recommendation/ HTTP/1.1" 200 1310]
[2020-10-27 23:02:24,842][Thread-1:18448][task_id:django][views.py:35][INFO][get a param id -> 2]
[2020-10-27 23:02:24,843][Thread-1:18448][task_id:django.server][basehttp.py:157][INFO]["GET /detail/popular_major/2 HTTP/1.1" 200 824]
[2020-10-27 23:02:39,357][MainThread:17672][task_id:django.utils.autoreload][autoreload.py:236][INFO][D:\Projects\Collegiate_Explorer_APP\collegiate-explorer-admin\cc_admin\apps\detail\views.py changed, reloading.]
[2020-10-27 23:02:40,357][MainThread:17456][task_id:django.utils.autoreload][autoreload.py:613][INFO][Watching for file changes with StatReloader]
[2020-10-27 23:02:51,315][MainThread:17456][task_id:django.utils.autoreload][autoreload.py:236][INFO][D:\Projects\Collegiate_Explorer_APP\collegiate-explorer-admin\cc_admin\apps\detail\views.py changed, reloading.]
[2020-10-27 23:02:52,142][MainThread:14000][task_id:django.utils.autoreload][autoreload.py:613][INFO][Watching for file changes with StatReloader]
[2020-10-27 23:02:57,064][Thread-1:8268][task_id:django][views.py:35][INFO][get a param id -> 2]
[2020-10-27 23:02:57,066][Thread-1:8268][task_id:django.server][basehttp.py:157][INFO]["GET /detail/popular_major/2 HTTP/1.1" 200 900]
[2020-10-27 23:03:07,447][MainThread:14000][task_id:django.utils.autoreload][autoreload.py:236][INFO][D:\Projects\Collegiate_Explorer_APP\collegiate-explorer-admin\cc_admin\apps\detail\views.py changed, reloading.]
[2020-10-27 23:03:08,327][MainThread:16028][task_id:django.utils.autoreload][autoreload.py:613][INFO][Watching for file changes with StatReloader]
[2020-10-27 23:03:12,335][Thread-1:3984][task_id:django][views.py:35][INFO][get a param id -> 2]
[2020-10-27 23:03:12,336][Thread-1:3984][task_id:django.server][basehttp.py:157][INFO]["GET /detail/popular_major/2 HTTP/1.1" 200 750]
[2020-10-27 23:03:27,424][Thread-1:3984][task_id:django][views.py:35][INFO][get a param id -> 2]
[2020-10-27 23:03:27,425][Thread-1:3984][task_id:django.server][basehttp.py:157][INFO]["GET /detail/popular_major/2 HTTP/1.1" 200 750]
[2020-10-27 23:03:31,178][MainThread:16028][task_id:django.utils.autoreload][autoreload.py:236][INFO][D:\Projects\Collegiate_Explorer_APP\collegiate-explorer-admin\cc_admin\apps\detail\views.py changed, reloading.]
[2020-10-27 23:03:32,109][MainThread:14508][task_id:django.utils.autoreload][autoreload.py:613][INFO][Watching for file changes with StatReloader]
[2020-10-27 23:03:38,796][Thread-1:18816][task_id:django][views.py:35][INFO][get a param id -> 2]
[2020-10-27 23:03:38,798][Thread-1:18816][task_id:django.server][basehttp.py:157][INFO]["GET /detail/popular_major/2 HTTP/1.1" 200 824]
[2020-10-27 23:04:12,001][Thread-1:18816][task_id:django][views.py:35][INFO][get a param id -> 2]
[2020-10-27 23:04:12,002][Thread-1:18816][task_id:django.server][basehttp.py:157][INFO]["GET /detail/popular_major/2 HTTP/1.1" 200 824]
[2020-10-27 23:04:23,933][MainThread:14508][task_id:django.utils.autoreload][autoreload.py:236][INFO][D:\Projects\Collegiate_Explorer_APP\collegiate-explorer-admin\cc_admin\apps\detail\views.py changed, reloading.]
[2020-10-27 23:04:24,966][MainThread:21372][task_id:django.utils.autoreload][autoreload.py:613][INFO][Watching for file changes with StatReloader]
[2020-10-27 23:04:44,289][Thread-1:13996][task_id:django][views.py:35][INFO][get a param id -> 2]
[2020-10-27 23:04:44,291][Thread-1:13996][task_id:django.server][basehttp.py:157][INFO]["GET /detail/popular_major/2 HTTP/1.1" 200 750]
[2020-10-27 23:06:10,237][Thread-1:13996][task_id:django][views.py:35][INFO][get a param id -> 2]
[2020-10-27 23:06:10,238][Thread-1:13996][task_id:django.server][basehttp.py:157][INFO]["GET /detail/popular_major/2 HTTP/1.1" 200 750]
[2020-10-27 23:06:18,807][Thread-1:13996][task_id:django][views.py:35][INFO][get a param id -> 2]
[2020-10-27 23:06:18,808][Thread-1:13996][task_id:django.server][basehttp.py:157][INFO]["GET /detail/popular_major/2 HTTP/1.1" 200 750]
[2020-10-27 23:06:40,529][Thread-1:13996][task_id:django][views.py:35][INFO][get a param id -> 2]
[2020-10-27 23:06:40,530][Thread-1:13996][task_id:django.server][basehttp.py:157][INFO]["GET /detail/popular_major/2 HTTP/1.1" 200 750]
[2020-10-27 23:06:47,725][Thread-1:13996][task_id:django][views.py:35][INFO][get a param id -> 2]
[2020-10-27 23:06:47,727][Thread-1:13996][task_id:django.server][basehttp.py:157][INFO]["GET /detail/popular_major/2 HTTP/1.1" 200 750]
[2020-10-27 23:06:57,505][Thread-1:13996][task_id:django][views.py:35][INFO][get a param id -> 2]
[2020-10-27 23:06:57,506][Thread-1:13996][task_id:django.server][basehttp.py:157][INFO]["GET /detail/popular_major/2 HTTP/1.1" 200 750]
[2020-10-27 23:07:03,187][Thread-1:13996][task_id:django][views.py:35][INFO][get a param id -> 2]
[2020-10-27 23:07:03,188][Thread-1:13996][task_id:django.server][basehttp.py:157][INFO]["GET /detail/popular_major/2 HTTP/1.1" 200 750]
[2020-10-27 23:07:31,292][Thread-1:13996][task_id:django][views.py:35][INFO][get a param id -> 2]
[2020-10-27 23:07:31,293][Thread-1:13996][task_id:django.server][basehttp.py:157][INFO]["GET /detail/popular_major/2 HTTP/1.1" 200 750]
[2020-10-27 23:07:37,343][Thread-1:13996][task_id:django][views.py:35][INFO][get a param id -> 2]
[2020-10-27 23:07:37,344][Thread-1:13996][task_id:django.server][basehttp.py:157][INFO]["GET /detail/popular_major/2 HTTP/1.1" 200 750]
[2020-10-27 23:08:17,460][Thread-1:13996][task_id:django][views.py:35][INFO][get a param id -> 2]
[2020-10-27 23:08:17,462][Thread-1:13996][task_id:django.server][basehttp.py:157][INFO]["GET /detail/popular_major/2 HTTP/1.1" 200 750]
[2020-10-27 23:08:33,638][Thread-1:13996][task_id:django][views.py:35][INFO][get a param id -> 2]
[2020-10-27 23:08:33,640][Thread-1:13996][task_id:django.server][basehttp.py:157][INFO]["GET /detail/popular_major/2 HTTP/1.1" 200 750]
[2020-10-27 23:09:19,280][Thread-1:13996][task_id:django][views.py:35][INFO][get a param id -> 2]
[2020-10-27 23:09:19,281][Thread-1:13996][task_id:django.server][basehttp.py:157][INFO]["GET /detail/popular_major/2 HTTP/1.1" 200 750]
[2020-10-27 23:09:27,938][Thread-1:13996][task_id:django][views.py:35][INFO][get a param id -> 2]
[2020-10-27 23:09:27,939][Thread-1:13996][task_id:django.server][basehttp.py:157][INFO]["GET /detail/popular_major/2 HTTP/1.1" 200 750]
[2020-10-27 23:10:07,847][Thread-1:13996][task_id:django][views.py:35][INFO][get a param id -> 2]
[2020-10-27 23:10:07,848][Thread-1:13996][task_id:django.server][basehttp.py:157][INFO]["GET /detail/popular_major/2 HTTP/1.1" 200 750]
[2020-10-27 23:12:40,617][Thread-1:13996][task_id:django][views.py:35][INFO][get a param id -> 2]
[2020-10-27 23:12:40,619][Thread-1:13996][task_id:django.server][basehttp.py:157][INFO]["GET /detail/popular_major/2 HTTP/1.1" 200 750]
[2020-10-27 23:13:28,276][Thread-1:13996][task_id:django][views.py:35][INFO][get a param id -> 2]
[2020-10-27 23:13:28,277][Thread-1:13996][task_id:django.server][basehttp.py:157][INFO]["GET /detail/popular_major/2 HTTP/1.1" 200 750]
[2020-10-27 23:14:47,392][Thread-1:13996][task_id:django][views.py:35][INFO][get a param id -> 2]
[2020-10-27 23:14:47,394][Thread-1:13996][task_id:django.server][basehttp.py:157][INFO]["GET /detail/popular_major/2 HTTP/1.1" 200 750]
[2020-10-27 23:15:13,547][Thread-1:13996][task_id:django][views.py:35][INFO][get a param id -> 2]
[2020-10-27 23:15:13,548][Thread-1:13996][task_id:django.server][basehttp.py:157][INFO]["GET /detail/popular_major/2 HTTP/1.1" 200 750]
[2020-10-27 23:15:40,605][Thread-1:13996][task_id:django][views.py:35][INFO][get a param id -> 2]
[2020-10-27 23:15:40,607][Thread-1:13996][task_id:django.server][basehttp.py:157][INFO]["GET /detail/popular_major/2 HTTP/1.1" 200 750]
[2020-10-27 23:15:40,631][Thread-1:13996][task_id:django.request][log.py:230][WARNING][Not Found: /detail/ranking/history/]
[2020-10-27 23:15:40,632][Thread-1:13996][task_id:django.server][basehttp.py:157][WARNING]["GET /detail/ranking/history/ HTTP/1.1" 404 2582]
[2020-10-27 23:16:09,033][Thread-1:13996][task_id:django][views.py:35][INFO][get a param id -> 2]
[2020-10-27 23:16:09,038][Thread-1:13996][task_id:django.server][basehttp.py:157][INFO]["GET /detail/popular_major/2 HTTP/1.1" 200 750]
[2020-10-27 23:16:09,041][Thread-3:16448][task_id:django.request][log.py:230][WARNING][Not Found: /detail/ranking/history/2]
[2020-10-27 23:16:09,042][Thread-3:16448][task_id:django.server][basehttp.py:157][WARNING]["GET /detail/ranking/history/2 HTTP/1.1" 404 2585]
[2020-10-27 23:16:44,289][Thread-3:16448][task_id:django][views.py:35][INFO][get a param id -> 2]
[2020-10-27 23:16:44,290][Thread-3:16448][task_id:django.server][basehttp.py:157][INFO]["GET /detail/popular_major/2 HTTP/1.1" 200 750]
[2020-10-27 23:16:44,296][Thread-1:13996][task_id:django.request][log.py:230][WARNING][Not Found: /detail/ranking/history/2]
[2020-10-27 23:16:44,297][Thread-1:13996][task_id:django.server][basehttp.py:157][WARNING]["GET /detail/ranking/history/2 HTTP/1.1" 404 2585]
[2020-10-27 23:17:10,819][Thread-1:13996][task_id:django][views.py:35][INFO][get a param id -> 2]
[2020-10-27 23:17:10,821][Thread-1:13996][task_id:django.server][basehttp.py:157][INFO]["GET /detail/popular_major/2 HTTP/1.1" 200 750]
[2020-10-27 23:17:10,832][Thread-3:16448][task_id:django.request][log.py:230][WARNING][Not Found: /detail/ranking/history/2]
[2020-10-27 23:17:10,833][Thread-3:16448][task_id:django.server][basehttp.py:157][WARNING]["GET /detail/ranking/history/2 HTTP/1.1" 404 2585]
[2020-10-27 23:19:15,663][Thread-3:16448][task_id:django][views.py:35][INFO][get a param id -> 2]
[2020-10-27 23:19:15,665][Thread-3:16448][task_id:django.server][basehttp.py:157][INFO]["GET /detail/popular_major/2 HTTP/1.1" 200 750]
[2020-10-27 23:19:15,675][Thread-1:13996][task_id:django.request][log.py:230][WARNING][Not Found: /detail/ranking/history/2]
[2020-10-27 23:19:15,677][Thread-1:13996][task_id:django.server][basehttp.py:157][WARNING]["GET /detail/ranking/history/2 HTTP/1.1" 404 2585]
[2020-10-27 23:19:28,094][Thread-1:13996][task_id:django][views.py:35][INFO][get a param id -> 2]
[2020-10-27 23:19:28,101][Thread-1:13996][task_id:django.server][basehttp.py:157][INFO]["GET /detail/popular_major/2 HTTP/1.1" 200 750]
[2020-10-27 23:19:28,104][Thread-3:16448][task_id:django.request][log.py:230][WARNING][Not Found: /detail/ranking/history/2]
[2020-10-27 23:19:28,105][Thread-3:16448][task_id:django.server][basehttp.py:157][WARNING]["GET /detail/ranking/history/2 HTTP/1.1" 404 2585]
[2020-10-27 23:19:31,812][Thread-3:16448][task_id:django][views.py:35][INFO][get a param id -> 2]
[2020-10-27 23:19:31,816][Thread-3:16448][task_id:django.server][basehttp.py:157][INFO]["GET /detail/popular_major/2 HTTP/1.1" 200 750]
[2020-10-27 23:19:31,823][Thread-1:13996][task_id:django.request][log.py:230][WARNING][Not Found: /detail/ranking/history/2]
[2020-10-27 23:19:31,824][Thread-1:13996][task_id:django.server][basehttp.py:157][WARNING]["GET /detail/ranking/history/2 HTTP/1.1" 404 2585]
[2020-10-27 23:19:52,628][Thread-1:13996][task_id:django][views.py:35][INFO][get a param id -> 2]
[2020-10-27 23:19:52,636][Thread-1:13996][task_id:django.server][basehttp.py:157][INFO]["GET /detail/popular_major/2 HTTP/1.1" 200 750]
[2020-10-27 23:19:52,639][Thread-3:16448][task_id:django.request][log.py:230][WARNING][Not Found: /detail/ranking/history/2]
[2020-10-27 23:19:52,641][Thread-3:16448][task_id:django.server][basehttp.py:157][WARNING]["GET /detail/ranking/history/2 HTTP/1.1" 404 2585]
[2020-10-27 23:20:02,008][Thread-3:16448][task_id:django][views.py:35][INFO][get a param id -> 2]
[2020-10-27 23:20:02,009][Thread-3:16448][task_id:django.server][basehttp.py:157][INFO]["GET /detail/popular_major/2 HTTP/1.1" 200 750]
[2020-10-27 23:20:02,018][Thread-1:13996][task_id:django.request][log.py:230][WARNING][Not Found: /detail/ranking/history/2]
[2020-10-27 23:20:02,020][Thread-1:13996][task_id:django.server][basehttp.py:157][WARNING]["GET /detail/ranking/history/2 HTTP/1.1" 404 2585]
[2020-10-27 23:20:06,099][Thread-1:13996][task_id:django][views.py:35][INFO][get a param id -> 2]
[2020-10-27 23:20:06,101][Thread-1:13996][task_id:django.server][basehttp.py:157][INFO]["GET /detail/popular_major/2 HTTP/1.1" 200 750]
[2020-10-27 23:20:06,115][Thread-3:16448][task_id:django.request][log.py:230][WARNING][Not Found: /detail/ranking/history/2]
[2020-10-27 23:20:06,116][Thread-3:16448][task_id:django.server][basehttp.py:157][WARNING]["GET /detail/ranking/history/2 HTTP/1.1" 404 2585]
[2020-10-27 23:20:19,167][Thread-3:16448][task_id:django][views.py:35][INFO][get a param id -> 2]
[2020-10-27 23:20:19,169][Thread-3:16448][task_id:django.server][basehttp.py:157][INFO]["GET /detail/popular_major/2 HTTP/1.1" 200 750]
[2020-10-27 23:20:19,179][Thread-1:13996][task_id:django.request][log.py:230][WARNING][Not Found: /detail/ranking/history/2]
[2020-10-27 23:20:19,180][Thread-1:13996][task_id:django.server][basehttp.py:157][WARNING]["GET /detail/ranking/history/2 HTTP/1.1" 404 2585]
[2020-10-27 23:20:45,942][Thread-1:13996][task_id:django][views.py:35][INFO][get a param id -> 2]
[2020-10-27 23:20:45,943][Thread-1:13996][task_id:django.server][basehttp.py:157][INFO]["GET /detail/popular_major/2 HTTP/1.1" 200 750]
[2020-10-27 23:20:45,954][Thread-3:16448][task_id:django.request][log.py:230][WARNING][Not Found: /detail/ranking/history/2]
[2020-10-27 23:20:45,955][Thread-3:16448][task_id:django.server][basehttp.py:157][WARNING]["GET /detail/ranking/history/2 HTTP/1.1" 404 2585]
[2020-10-27 23:21:05,723][Thread-3:16448][task_id:django][views.py:35][INFO][get a param id -> 2]
[2020-10-27 23:21:05,730][Thread-3:16448][task_id:django.server][basehttp.py:157][INFO]["GET /detail/popular_major/2 HTTP/1.1" 200 750]
[2020-10-27 23:21:05,732][Thread-1:13996][task_id:django.request][log.py:230][WARNING][Not Found: /detail/ranking/history/2]
[2020-10-27 23:21:05,734][Thread-1:13996][task_id:django.server][basehttp.py:157][WARNING]["GET /detail/ranking/history/2 HTTP/1.1" 404 2585]
[2020-10-27 23:21:08,074][Thread-1:13996][task_id:django][views.py:35][INFO][get a param id -> 2]
[2020-10-27 23:21:08,083][Thread-1:13996][task_id:django.server][basehttp.py:157][INFO]["GET /detail/popular_major/2 HTTP/1.1" 200 750]
[2020-10-27 23:21:08,086][Thread-3:16448][task_id:django.request][log.py:230][WARNING][Not Found: /detail/ranking/history/2]
[2020-10-27 23:21:08,087][Thread-3:16448][task_id:django.server][basehttp.py:157][WARNING]["GET /detail/ranking/history/2 HTTP/1.1" 404 2585]
[2020-10-27 23:21:15,688][Thread-3:16448][task_id:django][views.py:35][INFO][get a param id -> 2]
[2020-10-27 23:21:15,695][Thread-3:16448][task_id:django.server][basehttp.py:157][INFO]["GET /detail/popular_major/2 HTTP/1.1" 200 750]
[2020-10-27 23:21:15,697][Thread-1:13996][task_id:django.request][log.py:230][WARNING][Not Found: /detail/ranking/history/2]
[2020-10-27 23:21:15,698][Thread-1:13996][task_id:django.server][basehttp.py:157][WARNING]["GET /detail/ranking/history/2 HTTP/1.1" 404 2585]
[2020-10-27 23:21:30,923][Thread-1:13996][task_id:django][views.py:35][INFO][get a param id -> 2]
[2020-10-27 23:21:30,948][Thread-1:13996][task_id:django.server][basehttp.py:157][INFO]["GET /detail/popular_major/2 HTTP/1.1" 200 750]
[2020-10-27 23:21:30,951][Thread-3:16448][task_id:django.request][log.py:230][WARNING][Not Found: /detail/ranking/history/2]
[2020-10-27 23:21:30,953][Thread-3:16448][task_id:django.server][basehttp.py:157][WARNING]["GET /detail/ranking/history/2 HTTP/1.1" 404 2585]
[2020-10-27 23:22:44,362][MainThread:21372][task_id:django.utils.autoreload][autoreload.py:236][INFO][D:\Projects\Collegiate_Explorer_APP\collegiate-explorer-admin\cc_admin\apps\detail\views.py changed, reloading.]
[2020-10-27 23:22:45,274][MainThread:19860][task_id:django.utils.autoreload][autoreload.py:613][INFO][Watching for file changes with StatReloader]
[2020-10-27 23:23:35,066][MainThread:19860][task_id:django.utils.autoreload][autoreload.py:236][INFO][D:\Projects\Collegiate_Explorer_APP\collegiate-explorer-admin\cc_admin\apps\detail\views.py changed, reloading.]
[2020-10-27 23:23:35,917][MainThread:17924][task_id:django.utils.autoreload][autoreload.py:613][INFO][Watching for file changes with StatReloader]
[2020-10-27 23:23:43,684][MainThread:17924][task_id:django.utils.autoreload][autoreload.py:236][INFO][D:\Projects\Collegiate_Explorer_APP\collegiate-explorer-admin\cc_admin\apps\detail\views.py changed, reloading.]
[2020-10-27 23:23:44,496][MainThread:8004][task_id:django.utils.autoreload][autoreload.py:613][INFO][Watching for file changes with StatReloader]
[2020-10-27 23:24:13,919][Thread-1:5668][task_id:django][views.py:35][INFO][get a param id -> 2]
[2020-10-27 23:24:13,929][Thread-1:5668][task_id:django.server][basehttp.py:157][INFO]["GET /detail/popular_major/2 HTTP/1.1" 200 750]
[2020-10-27 23:24:13,936][Thread-2:15908][task_id:django.request][log.py:230][WARNING][Not Found: /detail/ranking/history/2]
[2020-10-27 23:24:13,938][Thread-2:15908][task_id:django.server][basehttp.py:157][WARNING]["GET /detail/ranking/history/2 HTTP/1.1" 404 2585]
[2020-10-27 23:24:25,062][Thread-2:15908][task_id:django][views.py:35][INFO][get a param id -> 2]
[2020-10-27 23:24:25,066][Thread-2:15908][task_id:django.server][basehttp.py:157][INFO]["GET /detail/popular_major/2 HTTP/1.1" 200 750]
[2020-10-27 23:24:25,070][Thread-1:5668][task_id:django.request][log.py:230][WARNING][Not Found: /detail/ranking/history/2]
[2020-10-27 23:24:25,071][Thread-1:5668][task_id:django.server][basehttp.py:157][WARNING]["GET /detail/ranking/history/2 HTTP/1.1" 404 2585]
[2020-10-27 23:25:07,514][MainThread:8004][task_id:django.utils.autoreload][autoreload.py:236][INFO][D:\Projects\Collegiate_Explorer_APP\collegiate-explorer-admin\cc_admin\apps\detail\urls.py changed, reloading.]
[2020-10-27 23:25:08,339][MainThread:21024][task_id:django.utils.autoreload][autoreload.py:613][INFO][Watching for file changes with StatReloader]
[2020-10-27 23:25:15,839][Thread-1:15840][task_id:django][views.py:35][INFO][get a param id -> 2]
[2020-10-27 23:25:15,852][Thread-1:15840][task_id:django.server][basehttp.py:157][INFO]["GET /detail/popular_major/2 HTTP/1.1" 200 750]
[2020-10-27 23:25:15,857][Thread-2:21264][task_id:django.request][log.py:230][WARNING][Not Found: /detail/ranking/history/2]
[2020-10-27 23:25:15,858][Thread-2:21264][task_id:django.server][basehttp.py:157][WARNING]["GET /detail/ranking/history/2 HTTP/1.1" 404 2761]
[2020-10-27 23:25:42,905][MainThread:21024][task_id:django.utils.autoreload][autoreload.py:236][INFO][D:\Projects\Collegiate_Explorer_APP\collegiate-explorer-admin\cc_admin\apps\detail\urls.py changed, reloading.]
[2020-10-27 23:25:43,699][MainThread:18136][task_id:django.utils.autoreload][autoreload.py:613][INFO][Watching for file changes with StatReloader]
[2020-10-27 23:25:49,707][Thread-1:3844][task_id:django][views.py:35][INFO][get a param id -> 2]
[2020-10-27 23:25:49,710][Thread-2:20572][task_id:django.server][basehttp.py:157][INFO]["GET /detail/ranking/history/2 HTTP/1.1" 200 678]
[2020-10-27 23:25:49,711][Thread-1:3844][task_id:django.server][basehttp.py:157][INFO]["GET /detail/popular_major/2 HTTP/1.1" 200 750]
[2020-10-27 23:27:50,339][Thread-1:3844][task_id:django][views.py:35][INFO][get a param id -> 2]
[2020-10-27 23:27:50,340][Thread-1:3844][task_id:django.server][basehttp.py:157][INFO]["GET /detail/popular_major/2 HTTP/1.1" 200 750]
[2020-10-27 23:27:50,343][Thread-2:20572][task_id:django.server][basehttp.py:157][INFO]["GET /detail/ranking/history/2 HTTP/1.1" 200 678]
[2020-10-27 23:30:24,739][Thread-2:20572][task_id:django][views.py:35][INFO][get a param id -> 2]
[2020-10-27 23:30:24,743][Thread-2:20572][task_id:django.server][basehttp.py:157][INFO]["GET /detail/popular_major/2 HTTP/1.1" 200 750]
[2020-10-27 23:30:24,743][Thread-1:3844][task_id:django.server][basehttp.py:157][INFO]["GET /detail/ranking/history/2 HTTP/1.1" 200 678]
[2020-10-27 23:30:37,714][Thread-1:3844][task_id:django][views.py:35][INFO][get a param id -> 2]
[2020-10-27 23:30:37,716][Thread-1:3844][task_id:django.server][basehttp.py:157][INFO]["GET /detail/popular_major/2 HTTP/1.1" 200 750]
[2020-10-27 23:30:37,719][Thread-2:20572][task_id:django.server][basehttp.py:157][INFO]["GET /detail/ranking/history/2 HTTP/1.1" 200 678]
[2020-10-27 23:31:16,855][Thread-2:20572][task_id:django][views.py:35][INFO][get a param id -> 2]
[2020-10-27 23:31:16,856][Thread-2:20572][task_id:django.server][basehttp.py:157][INFO]["GET /detail/popular_major/2 HTTP/1.1" 200 750]
[2020-10-27 23:31:16,861][Thread-1:3844][task_id:django.server][basehttp.py:157][INFO]["GET /detail/ranking/history/2 HTTP/1.1" 200 678]
[2020-10-27 23:31:25,995][Thread-1:3844][task_id:django][views.py:35][INFO][get a param id -> 2]
[2020-10-27 23:31:25,999][Thread-1:3844][task_id:django.server][basehttp.py:157][INFO]["GET /detail/popular_major/2 HTTP/1.1" 200 750]
[2020-10-27 23:31:25,999][Thread-2:20572][task_id:django.server][basehttp.py:157][INFO]["GET /detail/ranking/history/2 HTTP/1.1" 200 678]
[2020-10-27 23:31:51,340][Thread-2:20572][task_id:django][views.py:35][INFO][get a param id -> 2]
[2020-10-27 23:31:51,344][Thread-2:20572][task_id:django.server][basehttp.py:157][INFO]["GET /detail/popular_major/2 HTTP/1.1" 200 750]
[2020-10-27 23:31:51,344][Thread-1:3844][task_id:django.server][basehttp.py:157][INFO]["GET /detail/ranking/history/2 HTTP/1.1" 200 678]
[2020-10-27 23:33:46,436][Thread-1:3844][task_id:django][views.py:35][INFO][get a param id -> 2]
[2020-10-27 23:33:46,438][Thread-1:3844][task_id:django.server][basehttp.py:157][INFO]["GET /detail/popular_major/2 HTTP/1.1" 200 750]
[2020-10-27 23:33:46,441][Thread-2:20572][task_id:django.server][basehttp.py:157][INFO]["GET /detail/ranking/history/2 HTTP/1.1" 200 678]
[2020-10-27 23:34:23,747][Thread-2:20572][task_id:django][views.py:35][INFO][get a param id -> 2]
[2020-10-27 23:34:23,748][Thread-2:20572][task_id:django.server][basehttp.py:157][INFO]["GET /detail/popular_major/2 HTTP/1.1" 200 750]
[2020-10-27 23:34:23,751][Thread-1:3844][task_id:django.server][basehttp.py:157][INFO]["GET /detail/ranking/history/2 HTTP/1.1" 200 678]
[2020-10-27 23:34:31,888][Thread-1:3844][task_id:django][views.py:35][INFO][get a param id -> 2]
[2020-10-27 23:34:31,889][Thread-1:3844][task_id:django.server][basehttp.py:157][INFO]["GET /detail/popular_major/2 HTTP/1.1" 200 750]
[2020-10-27 23:34:31,892][Thread-2:20572][task_id:django.server][basehttp.py:157][INFO]["GET /detail/ranking/history/2 HTTP/1.1" 200 678]
[2020-10-27 23:34:51,914][Thread-2:20572][task_id:django][views.py:35][INFO][get a param id -> 2]
[2020-10-27 23:34:51,915][Thread-2:20572][task_id:django.server][basehttp.py:157][INFO]["GET /detail/popular_major/2 HTTP/1.1" 200 750]
[2020-10-27 23:34:51,920][Thread-1:3844][task_id:django.server][basehttp.py:157][INFO]["GET /detail/ranking/history/2 HTTP/1.1" 200 678]
[2020-10-27 23:35:16,745][Thread-1:3844][task_id:django][views.py:35][INFO][get a param id -> 2]
[2020-10-27 23:35:16,746][Thread-1:3844][task_id:django.server][basehttp.py:157][INFO]["GET /detail/popular_major/2 HTTP/1.1" 200 750]
[2020-10-27 23:35:16,750][Thread-2:20572][task_id:django.server][basehttp.py:157][INFO]["GET /detail/ranking/history/2 HTTP/1.1" 200 678]
[2020-10-27 23:37:25,323][Thread-2:20572][task_id:django][views.py:35][INFO][get a param id -> 2]
[2020-10-27 23:37:25,324][Thread-2:20572][task_id:django.server][basehttp.py:157][INFO]["GET /detail/popular_major/2 HTTP/1.1" 200 750]
[2020-10-27 23:37:25,328][Thread-1:3844][task_id:django.server][basehttp.py:157][INFO]["GET /detail/ranking/history/2 HTTP/1.1" 200 678]
[2020-10-27 23:39:54,536][Thread-1:3844][task_id:django][views.py:35][INFO][get a param id -> 2]
[2020-10-27 23:39:54,538][Thread-1:3844][task_id:django.server][basehttp.py:157][INFO]["GET /detail/popular_major/2 HTTP/1.1" 200 750]
[2020-10-27 23:39:54,541][Thread-2:20572][task_id:django.server][basehttp.py:157][INFO]["GET /detail/ranking/history/2 HTTP/1.1" 200 678]
[2020-10-27 23:40:27,562][Thread-2:20572][task_id:django][views.py:35][INFO][get a param id -> 2]
[2020-10-27 23:40:27,565][Thread-2:20572][task_id:django.server][basehttp.py:157][INFO]["GET /detail/popular_major/2 HTTP/1.1" 200 750]
[2020-10-27 23:40:27,566][Thread-1:3844][task_id:django.server][basehttp.py:157][INFO]["GET /detail/ranking/history/2 HTTP/1.1" 200 678]
[2020-10-27 23:40:51,155][Thread-2:20572][task_id:django][views.py:35][INFO][get a param id -> 2]
[2020-10-27 23:40:51,156][Thread-1:3844][task_id:django.server][basehttp.py:157][INFO]["GET /detail/ranking/history/2 HTTP/1.1" 200 678]
[2020-10-27 23:40:51,157][Thread-2:20572][task_id:django.server][basehttp.py:157][INFO]["GET /detail/popular_major/2 HTTP/1.1" 200 750]
[2020-10-27 23:41:14,506][Thread-2:20572][task_id:django][views.py:35][INFO][get a param id -> 2]
[2020-10-27 23:41:14,508][Thread-2:20572][task_id:django.server][basehttp.py:157][INFO]["GET /detail/popular_major/2 HTTP/1.1" 200 750]
[2020-10-27 23:41:25,331][Thread-2:20572][task_id:django][views.py:35][INFO][get a param id -> 2]
[2020-10-27 23:41:25,333][Thread-2:20572][task_id:django.server][basehttp.py:157][INFO]["GET /detail/popular_major/2 HTTP/1.1" 200 750]
[2020-10-27 23:42:07,873][Thread-1:3844][task_id:django][views.py:35][INFO][get a param id -> 2]
[2020-10-27 23:42:07,875][Thread-1:3844][task_id:django.server][basehttp.py:157][INFO]["GET /detail/popular_major/2 HTTP/1.1" 200 750]
[2020-10-27 23:42:07,875][Thread-2:20572][task_id:django.server][basehttp.py:157][INFO]["GET /detail/ranking/history/2 HTTP/1.1" 200 678]
[2020-10-27 23:42:38,956][Thread-1:3844][task_id:django.server][basehttp.py:157][INFO]["GET /detail/ranking/history/2 HTTP/1.1" 200 678]
[2020-10-27 23:42:38,957][Thread-2:20572][task_id:django][views.py:35][INFO][get a param id -> 2]
[2020-10-27 23:42:38,959][Thread-2:20572][task_id:django.server][basehttp.py:157][INFO]["GET /detail/popular_major/2 HTTP/1.1" 200 750]
[2020-10-27 23:42:58,823][Thread-1:3844][task_id:django][views.py:35][INFO][get a param id -> 2]
[2020-10-27 23:42:58,824][Thread-1:3844][task_id:django.server][basehttp.py:157][INFO]["GET /detail/popular_major/2 HTTP/1.1" 200 750]
[2020-10-27 23:42:58,825][Thread-2:20572][task_id:django.server][basehttp.py:157][INFO]["GET /detail/ranking/history/2 HTTP/1.1" 200 678]
[2020-10-27 23:43:06,442][Thread-2:20572][task_id:django][views.py:35][INFO][get a param id -> 2]
[2020-10-27 23:43:06,444][Thread-2:20572][task_id:django.server][basehttp.py:157][INFO]["GET /detail/popular_major/2 HTTP/1.1" 200 750]
[2020-10-27 23:43:06,444][Thread-1:3844][task_id:django.server][basehttp.py:157][INFO]["GET /detail/ranking/history/2 HTTP/1.1" 200 678]
[2020-10-27 23:43:20,821][Thread-1:3844][task_id:django][views.py:35][INFO][get a param id -> 2]
[2020-10-27 23:43:20,822][Thread-1:3844][task_id:django.server][basehttp.py:157][INFO]["GET /detail/popular_major/2 HTTP/1.1" 200 750]
[2020-10-27 23:43:20,822][Thread-2:20572][task_id:django.server][basehttp.py:157][INFO]["GET /detail/ranking/history/2 HTTP/1.1" 200 678]
[2020-10-27 23:43:31,044][Thread-2:20572][task_id:django][views.py:35][INFO][get a param id -> 2]
[2020-10-27 23:43:31,045][Thread-1:3844][task_id:django.server][basehttp.py:157][INFO]["GET /detail/ranking/history/2 HTTP/1.1" 200 678]
[2020-10-27 23:43:31,046][Thread-2:20572][task_id:django.server][basehttp.py:157][INFO]["GET /detail/popular_major/2 HTTP/1.1" 200 750]
[2020-10-27 23:48:30,350][Thread-2:20572][task_id:django][views.py:35][INFO][get a param id -> 2]
[2020-10-27 23:48:30,351][Thread-2:20572][task_id:django.server][basehttp.py:157][INFO]["GET /detail/popular_major/2 HTTP/1.1" 200 750]
[2020-10-27 23:48:42,235][Thread-2:20572][task_id:django][views.py:35][INFO][get a param id -> 2]
[2020-10-27 23:48:42,237][Thread-2:20572][task_id:django.server][basehttp.py:157][INFO]["GET /detail/popular_major/2 HTTP/1.1" 200 750]
[2020-10-27 23:49:07,359][Thread-2:20572][task_id:django][views.py:35][INFO][get a param id -> 2]
[2020-10-27 23:49:07,361][Thread-2:20572][task_id:django.server][basehttp.py:157][INFO]["GET /detail/popular_major/2 HTTP/1.1" 200 750]
[2020-10-27 23:49:30,983][Thread-2:20572][task_id:django][views.py:35][INFO][get a param id -> 2]
[2020-10-27 23:49:30,985][Thread-2:20572][task_id:django.server][basehttp.py:157][INFO]["GET /detail/popular_major/2 HTTP/1.1" 200 750]
[2020-10-27 23:49:30,988][Thread-2:20572][task_id:django.server][basehttp.py:157][INFO]["GET /detail/ranking/history/2 HTTP/1.1" 200 678]
[2020-10-27 23:50:22,540][Thread-2:20572][task_id:django][views.py:35][INFO][get a param id -> 2]
[2020-10-27 23:50:22,544][Thread-2:20572][task_id:django.server][basehttp.py:157][INFO]["GET /detail/popular_major/2 HTTP/1.1" 200 750]
[2020-10-27 23:50:22,546][Thread-4:12128][task_id:django.server][basehttp.py:157][INFO]["GET /detail/ranking/history/2 HTTP/1.1" 200 678]
[2020-10-27 23:50:28,239][Thread-4:12128][task_id:django][views.py:35][INFO][get a param id -> 2]
[2020-10-27 23:50:28,241][Thread-4:12128][task_id:django.server][basehttp.py:157][INFO]["GET /detail/popular_major/2 HTTP/1.1" 200 750]
[2020-10-27 23:50:28,248][Thread-2:20572][task_id:django.server][basehttp.py:157][INFO]["GET /detail/ranking/history/2 HTTP/1.1" 200 678]
[2020-10-27 23:50:51,037][Thread-2:20572][task_id:django][views.py:35][INFO][get a param id -> 2]
[2020-10-27 23:50:51,039][Thread-2:20572][task_id:django.server][basehttp.py:157][INFO]["GET /detail/popular_major/2 HTTP/1.1" 200 750]
[2020-10-27 23:50:51,043][Thread-4:12128][task_id:django.server][basehttp.py:157][INFO]["GET /detail/ranking/history/2 HTTP/1.1" 200 678]
[2020-10-27 23:51:23,260][Thread-4:12128][task_id:django][views.py:35][INFO][get a param id -> 2]
[2020-10-27 23:51:23,263][Thread-4:12128][task_id:django.server][basehttp.py:157][INFO]["GET /detail/popular_major/2 HTTP/1.1" 200 750]
[2020-10-27 23:51:23,264][Thread-2:20572][task_id:django.server][basehttp.py:157][INFO]["GET /detail/ranking/history/2 HTTP/1.1" 200 678]
[2020-10-27 23:52:03,492][Thread-2:20572][task_id:django][views.py:35][INFO][get a param id -> 2]
[2020-10-27 23:52:03,494][Thread-2:20572][task_id:django.server][basehttp.py:157][INFO]["GET /detail/popular_major/2 HTTP/1.1" 200 750]
[2020-10-27 23:52:03,497][Thread-4:12128][task_id:django.server][basehttp.py:157][INFO]["GET /detail/ranking/history/2 HTTP/1.1" 200 678]
[2020-10-27 23:52:52,178][Thread-4:12128][task_id:django][views.py:35][INFO][get a param id -> 2]
[2020-10-27 23:52:52,179][Thread-4:12128][task_id:django.server][basehttp.py:157][INFO]["GET /detail/popular_major/2 HTTP/1.1" 200 750]
[2020-10-27 23:52:52,184][Thread-2:20572][task_id:django.server][basehttp.py:157][INFO]["GET /detail/ranking/history/2 HTTP/1.1" 200 678]
[2020-10-27 23:53:36,031][Thread-4:12128][task_id:django][views.py:35][INFO][get a param id -> 2]
[2020-10-27 23:53:36,033][Thread-4:12128][task_id:django.server][basehttp.py:157][INFO]["GET /detail/popular_major/2 HTTP/1.1" 200 750]
[2020-10-27 23:53:36,033][Thread-2:20572][task_id:django.server][basehttp.py:157][INFO]["GET /detail/ranking/history/2 HTTP/1.1" 200 678]
[2020-10-28 00:01:04,865][Thread-6:1932][task_id:django][views.py:35][INFO][get a param id -> 2]
[2020-10-28 00:01:04,866][Thread-6:1932][task_id:django.server][basehttp.py:157][INFO]["GET /detail/popular_major/2 HTTP/1.1" 200 750]
[2020-10-28 00:01:04,866][Thread-5:14408][task_id:django.server][basehttp.py:157][INFO]["GET /detail/ranking/history/2 HTTP/1.1" 200 678]
[2020-10-28 00:01:30,767][Thread-6:1932][task_id:django][views.py:35][INFO][get a param id -> 2]
[2020-10-28 00:01:30,768][Thread-5:14408][task_id:django.server][basehttp.py:157][INFO]["GET /detail/ranking/history/2 HTTP/1.1" 200 678]
[2020-10-28 00:01:30,769][Thread-6:1932][task_id:django.server][basehttp.py:157][INFO]["GET /detail/popular_major/2 HTTP/1.1" 200 750]
[2020-10-28 00:01:35,635][Thread-5:14408][task_id:django][views.py:35][INFO][get a param id -> 2]
[2020-10-28 00:01:35,636][Thread-6:1932][task_id:django.server][basehttp.py:157][INFO]["GET /detail/ranking/history/2 HTTP/1.1" 200 678]
[2020-10-28 00:01:35,637][Thread-5:14408][task_id:django.server][basehttp.py:157][INFO]["GET /detail/popular_major/2 HTTP/1.1" 200 750]
[2020-10-28 00:01:45,762][Thread-6:1932][task_id:django][views.py:35][INFO][get a param id -> 2]
[2020-10-28 00:01:45,763][Thread-5:14408][task_id:django.server][basehttp.py:157][INFO]["GET /detail/ranking/history/2 HTTP/1.1" 200 678]
[2020-10-28 00:01:45,764][Thread-6:1932][task_id:django.server][basehttp.py:157][INFO]["GET /detail/popular_major/2 HTTP/1.1" 200 750]
[2020-10-28 00:04:52,765][Thread-6:1932][task_id:django][views.py:35][INFO][get a param id -> 2]
[2020-10-28 00:04:52,767][Thread-6:1932][task_id:django.server][basehttp.py:157][INFO]["GET /detail/popular_major/2 HTTP/1.1" 200 750]
[2020-10-28 00:05:34,709][Thread-6:1932][task_id:django][views.py:35][INFO][get a param id -> 2]
[2020-10-28 00:05:34,710][Thread-6:1932][task_id:django.server][basehttp.py:157][INFO]["GET /detail/popular_major/2 HTTP/1.1" 200 750]
[2020-10-28 00:06:14,982][Thread-6:1932][task_id:django][views.py:35][INFO][get a param id -> 2]
[2020-10-28 00:06:14,983][Thread-6:1932][task_id:django.server][basehttp.py:157][INFO]["GET /detail/popular_major/2 HTTP/1.1" 200 750]
[2020-10-28 00:06:22,938][Thread-6:1932][task_id:django][views.py:35][INFO][get a param id -> 2]
[2020-10-28 00:06:22,939][Thread-6:1932][task_id:django.server][basehttp.py:157][INFO]["GET /detail/popular_major/2 HTTP/1.1" 200 750]
[2020-10-28 00:07:13,708][Thread-6:1932][task_id:django][views.py:35][INFO][get a param id -> 2]
[2020-10-28 00:07:13,710][Thread-6:1932][task_id:django.server][basehttp.py:157][INFO]["GET /detail/popular_major/2 HTTP/1.1" 200 750]
[2020-10-28 00:07:41,041][Thread-6:1932][task_id:django][views.py:35][INFO][get a param id -> 2]
[2020-10-28 00:07:41,042][Thread-6:1932][task_id:django.server][basehttp.py:157][INFO]["GET /detail/popular_major/2 HTTP/1.1" 200 750]
[2020-10-28 00:08:01,978][Thread-6:1932][task_id:django][views.py:35][INFO][get a param id -> 2]
[2020-10-28 00:08:01,979][Thread-6:1932][task_id:django.server][basehttp.py:157][INFO]["GET /detail/popular_major/2 HTTP/1.1" 200 750]
[2020-10-28 00:08:17,353][Thread-6:1932][task_id:django][views.py:35][INFO][get a param id -> 2]
[2020-10-28 00:08:17,355][Thread-6:1932][task_id:django.server][basehttp.py:157][INFO]["GET /detail/popular_major/2 HTTP/1.1" 200 750]
[2020-10-28 00:08:24,792][Thread-6:1932][task_id:django.server][basehttp.py:157][INFO]["GET /detail/ranking/history/2 HTTP/1.1" 200 678]
[2020-10-28 00:08:24,801][Thread-6:1932][task_id:django][views.py:35][INFO][get a param id -> 2]
[2020-10-28 00:08:24,802][Thread-6:1932][task_id:django.server][basehttp.py:157][INFO]["GET /detail/popular_major/2 HTTP/1.1" 200 750]
[2020-10-28 00:08:37,167][Thread-6:1932][task_id:django][views.py:35][INFO][get a param id -> 2]
[2020-10-28 00:08:37,168][Thread-6:1932][task_id:django.server][basehttp.py:157][INFO]["GET /detail/popular_major/2 HTTP/1.1" 200 750]
[2020-10-28 00:09:25,544][MainThread:18136][task_id:django.utils.autoreload][autoreload.py:236][INFO][D:\Projects\Collegiate_Explorer_APP\collegiate-explorer-admin\cc_admin\apps\detail\views.py changed, reloading.]
[2020-10-28 00:09:26,391][MainThread:15876][task_id:django.utils.autoreload][autoreload.py:613][INFO][Watching for file changes with StatReloader]
[2020-10-28 00:09:30,806][Thread-1:13536][task_id:django.server][basehttp.py:157][INFO]["GET /detail/ranking/history/2 HTTP/1.1" 200 678]
[2020-10-28 00:09:30,811][Thread-2:11996][task_id:django][views.py:35][INFO][get a param id -> 2]
[2020-10-28 00:09:30,812][Thread-2:11996][task_id:django.server][basehttp.py:157][INFO]["GET /detail/popular_major/2 HTTP/1.1" 200 824]
